The system is: Windows - 10.0.22000 - AMD64
Compiling the C compiler identification source file "CMakeCCompilerId.c" succeeded.
Compiler: D:/2nd year/CLion 2022.3.2/bin/mingw/bin/gcc.exe 
Build flags: 
Id flags:  

The output was:
0


Compilation of the C compiler identification source "CMakeCCompilerId.c" produced "a.exe"

The C compiler identification is GNU, found in "C:/Users/Nada/CLionProjects/16 stl2/cmake-build-debug/CMakeFiles/3.24.2/CompilerIdC/a.exe"

Compiling the CXX compiler identification source file "CMakeCXXCompilerId.cpp" succeeded.
Compiler: D:/2nd year/CLion 2022.3.2/bin/mingw/bin/g++.exe 
Build flags: 
Id flags:  

The output was:
0


Compilation of the CXX compiler identification source "CMakeCXXCompilerId.cpp" produced "a.exe"

The CXX compiler identification is GNU, found in "C:/Users/Nada/CLionProjects/16 stl2/cmake-build-debug/CMakeFiles/3.24.2/CompilerIdCXX/a.exe"

Determining if the C compiler works passed with the following output:
Change Dir: C:/Users/Nada/CLionProjects/16 stl2/cmake-build-debug/CMakeFiles/CMakeTmp

Run Build Command(s):D:/2nd year/CLion 2022.3.2/bin/ninja/win/x64/ninja.exe cmTC_89a99 && [1/2] Building C object CMakeFiles/cmTC_89a99.dir/testCCompiler.c.obj
[2/2] Linking C executable cmTC_89a99.exe



Determining if the CXX compiler works passed with the following output:
Change Dir: C:/Users/Nada/CLionProjects/16 stl2/cmake-build-debug/CMakeFiles/CMakeTmp

Run Build Command(s):D:/2nd year/CLion 2022.3.2/bin/ninja/win/x64/ninja.exe cmTC_4e8ef && [1/2] Building CXX object CMakeFiles/cmTC_4e8ef.dir/testCXXCompiler.cxx.obj
[2/2] Linking CXX executable cmTC_4e8ef.exe



